<?xml version="1.0" encoding="UTF-8"?>
<coverage generated="1583921424150" clover="3.2.0">
  <project timestamp="1583921424150" name="All files">
    <metrics statements="26" coveredstatements="25" conditionals="14" coveredconditionals="12" methods="13" coveredmethods="12" elements="53" coveredelements="49" complexity="0" loc="26" ncloc="26" packages="1" files="1" classes="1"/>
    <file name="Devices.view.js" path="/Users/ajasaini1/Project/device-dashboard/src/components/feature/Devices/views/Devices.view.js">
      <metrics statements="26" coveredstatements="25" conditionals="14" coveredconditionals="12" methods="13" coveredmethods="12"/>
      <line num="6" count="4" type="stmt"/>
      <line num="7" count="4" type="stmt"/>
      <line num="14" count="4" type="stmt"/>
      <line num="20" count="1" type="stmt"/>
      <line num="21" count="1" type="stmt"/>
      <line num="22" count="1" type="stmt"/>
      <line num="25" count="4" type="stmt"/>
      <line num="27" count="5" type="stmt"/>
      <line num="28" count="25" type="stmt"/>
      <line num="32" count="4" type="stmt"/>
      <line num="33" count="5" type="stmt"/>
      <line num="34" count="5" type="stmt"/>
      <line num="35" count="5" type="stmt"/>
      <line num="39" count="1" type="cond" truecount="1" falsecount="1"/>
      <line num="40" count="1" type="stmt"/>
      <line num="44" count="1" type="stmt"/>
      <line num="54" count="0" type="stmt"/>
      <line num="65" count="4" type="stmt"/>
      <line num="66" count="1" type="stmt"/>
      <line num="70" count="5" type="stmt"/>
      <line num="71" count="5" type="stmt"/>
      <line num="72" count="5" type="stmt"/>
      <line num="74" count="5" type="stmt"/>
      <line num="80" count="1" type="cond" truecount="2" falsecount="0"/>
      <line num="85" count="1" type="stmt"/>
      <line num="90" count="1" type="stmt"/>
    </file>
  </project>
</coverage>
