{"/Users/ajasaini1/Project/device-dashboard/src/components/feature/Devices/views/Devices.view.js": {"path":"/Users/ajasaini1/Project/device-dashboard/src/components/feature/Devices/views/Devices.view.js","statementMap":{"0":{"start":{"line":6,"column":4},"end":{"line":6,"column":17}},"1":{"start":{"line":7,"column":4},"end":{"line":13,"column":6}},"2":{"start":{"line":14,"column":4},"end":{"line":16,"column":6}},"3":{"start":{"line":20,"column":4},"end":{"line":20,"column":23}},"4":{"start":{"line":21,"column":30},"end":{"line":21,"column":40}},"5":{"start":{"line":22,"column":4},"end":{"line":22,"column":26}},"6":{"start":{"line":25,"column":20},"end":{"line":30,"column":3}},"7":{"start":{"line":27,"column":4},"end":{"line":29,"column":7}},"8":{"start":{"line":28,"column":6},"end":{"line":28,"column":58}},"9":{"start":{"line":32,"column":17},"end":{"line":63,"column":3}},"10":{"start":{"line":33,"column":24},"end":{"line":33,"column":34}},"11":{"start":{"line":34,"column":22},"end":{"line":34,"column":32}},"12":{"start":{"line":35,"column":4},"end":{"line":62,"column":6}},"13":{"start":{"line":39,"column":10},"end":{"line":40,"column":29}},"14":{"start":{"line":39,"column":21},"end":{"line":39,"column":58}},"15":{"start":{"line":40,"column":15},"end":{"line":40,"column":29}},"16":{"start":{"line":44,"column":10},"end":{"line":60,"column":12}},"17":{"start":{"line":54,"column":36},"end":{"line":54,"column":74}},"18":{"start":{"line":65,"column":22},"end":{"line":67,"column":3}},"19":{"start":{"line":66,"column":4},"end":{"line":66,"column":49}},"20":{"start":{"line":70,"column":49},"end":{"line":70,"column":59}},"21":{"start":{"line":71,"column":29},"end":{"line":71,"column":51}},"22":{"start":{"line":72,"column":26},"end":{"line":72,"column":45}},"23":{"start":{"line":74,"column":4},"end":{"line":101,"column":6}},"24":{"start":{"line":80,"column":49},"end":{"line":80,"column":71}},"25":{"start":{"line":85,"column":39},"end":{"line":85,"column":62}},"26":{"start":{"line":90,"column":31},"end":{"line":90,"column":60}}},"fnMap":{"0":{"name":"(anonymous_0)","decl":{"start":{"line":5,"column":2},"end":{"line":5,"column":3}},"loc":{"start":{"line":5,"column":21},"end":{"line":17,"column":3}},"line":5},"1":{"name":"(anonymous_1)","decl":{"start":{"line":19,"column":2},"end":{"line":19,"column":3}},"loc":{"start":{"line":19,"column":32},"end":{"line":23,"column":3}},"line":19},"2":{"name":"(anonymous_2)","decl":{"start":{"line":25,"column":20},"end":{"line":25,"column":21}},"loc":{"start":{"line":25,"column":26},"end":{"line":30,"column":3}},"line":25},"3":{"name":"(anonymous_3)","decl":{"start":{"line":27,"column":25},"end":{"line":27,"column":26}},"loc":{"start":{"line":27,"column":43},"end":{"line":29,"column":5}},"line":27},"4":{"name":"(anonymous_4)","decl":{"start":{"line":32,"column":17},"end":{"line":32,"column":18}},"loc":{"start":{"line":32,"column":23},"end":{"line":63,"column":3}},"line":32},"5":{"name":"(anonymous_5)","decl":{"start":{"line":38,"column":16},"end":{"line":38,"column":17}},"loc":{"start":{"line":38,"column":26},"end":{"line":41,"column":9}},"line":38},"6":{"name":"(anonymous_6)","decl":{"start":{"line":42,"column":13},"end":{"line":42,"column":14}},"loc":{"start":{"line":42,"column":23},"end":{"line":61,"column":9}},"line":42},"7":{"name":"(anonymous_7)","decl":{"start":{"line":54,"column":27},"end":{"line":54,"column":28}},"loc":{"start":{"line":54,"column":36},"end":{"line":54,"column":74}},"line":54},"8":{"name":"(anonymous_8)","decl":{"start":{"line":65,"column":22},"end":{"line":65,"column":23}},"loc":{"start":{"line":65,"column":31},"end":{"line":67,"column":3}},"line":65},"9":{"name":"(anonymous_9)","decl":{"start":{"line":69,"column":2},"end":{"line":69,"column":3}},"loc":{"start":{"line":69,"column":11},"end":{"line":102,"column":3}},"line":69},"10":{"name":"(anonymous_10)","decl":{"start":{"line":80,"column":39},"end":{"line":80,"column":40}},"loc":{"start":{"line":80,"column":49},"end":{"line":80,"column":71}},"line":80},"11":{"name":"(anonymous_11)","decl":{"start":{"line":85,"column":29},"end":{"line":85,"column":30}},"loc":{"start":{"line":85,"column":39},"end":{"line":85,"column":62}},"line":85},"12":{"name":"(anonymous_12)","decl":{"start":{"line":90,"column":22},"end":{"line":90,"column":23}},"loc":{"start":{"line":90,"column":31},"end":{"line":90,"column":60}},"line":90}},"branchMap":{"0":{"loc":{"start":{"line":36,"column":6},"end":{"line":61,"column":10}},"type":"binary-expr","locations":[{"start":{"line":36,"column":6},"end":{"line":36,"column":13}},{"start":{"line":37,"column":6},"end":{"line":61,"column":10}}],"line":36},"1":{"loc":{"start":{"line":39,"column":10},"end":{"line":40,"column":29}},"type":"if","locations":[{"start":{"line":39,"column":10},"end":{"line":40,"column":29}},{"start":{"line":39,"column":10},"end":{"line":40,"column":29}}],"line":39},"2":{"loc":{"start":{"line":56,"column":19},"end":{"line":56,"column":55}},"type":"cond-expr","locations":[{"start":{"line":56,"column":35},"end":{"line":56,"column":44}},{"start":{"line":56,"column":47},"end":{"line":56,"column":55}}],"line":56},"3":{"loc":{"start":{"line":77,"column":32},"end":{"line":77,"column":57}},"type":"binary-expr","locations":[{"start":{"line":77,"column":32},"end":{"line":77,"column":39}},{"start":{"line":77,"column":43},"end":{"line":77,"column":57}}],"line":77},"4":{"loc":{"start":{"line":80,"column":13},"end":{"line":80,"column":79}},"type":"binary-expr","locations":[{"start":{"line":80,"column":13},"end":{"line":80,"column":20}},{"start":{"line":80,"column":24},"end":{"line":80,"column":79}}],"line":80},"5":{"loc":{"start":{"line":84,"column":13},"end":{"line":85,"column":70}},"type":"binary-expr","locations":[{"start":{"line":84,"column":13},"end":{"line":84,"column":20}},{"start":{"line":85,"column":14},"end":{"line":85,"column":70}}],"line":84},"6":{"loc":{"start":{"line":93,"column":9},"end":{"line":95,"column":9}},"type":"binary-expr","locations":[{"start":{"line":93,"column":9},"end":{"line":93,"column":32}},{"start":{"line":94,"column":10},"end":{"line":94,"column":64}}],"line":93}},"s":{"0":4,"1":4,"2":4,"3":1,"4":1,"5":1,"6":4,"7":5,"8":25,"9":4,"10":5,"11":5,"12":5,"13":1,"14":0,"15":1,"16":1,"17":0,"18":4,"19":1,"20":5,"21":5,"22":5,"23":5,"24":1,"25":1,"26":1},"f":{"0":4,"1":1,"2":5,"3":25,"4":5,"5":1,"6":1,"7":0,"8":1,"9":5,"10":1,"11":1,"12":1},"b":{"0":[5,2],"1":[0,1],"2":[1,0],"3":[5,2],"4":[5,2],"5":[5,2],"6":[5,1]},"_coverageSchema":"1a1c01bbd47fc00a2c39e90264f33305004495a9","hash":"4218e68b1adbe5ff6e4a954fd1460e252a3552ff"}
}
