TN:
SF:src/components/feature/Devices/views/Devices.view.js
FN:5,(anonymous_0)
FN:19,(anonymous_1)
FN:25,(anonymous_2)
FN:27,(anonymous_3)
FN:32,(anonymous_4)
FN:38,(anonymous_5)
FN:42,(anonymous_6)
FN:54,(anonymous_7)
FN:65,(anonymous_8)
FN:69,(anonymous_9)
FN:80,(anonymous_10)
FN:85,(anonymous_11)
FN:90,(anonymous_12)
FNF:13
FNH:12
FNDA:4,(anonymous_0)
FNDA:1,(anonymous_1)
FNDA:5,(anonymous_2)
FNDA:25,(anonymous_3)
FNDA:5,(anonymous_4)
FNDA:1,(anonymous_5)
FNDA:1,(anonymous_6)
FNDA:0,(anonymous_7)
FNDA:1,(anonymous_8)
FNDA:5,(anonymous_9)
FNDA:1,(anonymous_10)
FNDA:1,(anonymous_11)
FNDA:1,(anonymous_12)
DA:6,4
DA:7,4
DA:14,4
DA:20,1
DA:21,1
DA:22,1
DA:25,4
DA:27,5
DA:28,25
DA:32,4
DA:33,5
DA:34,5
DA:35,5
DA:39,1
DA:40,1
DA:44,1
DA:54,0
DA:65,4
DA:66,1
DA:70,5
DA:71,5
DA:72,5
DA:74,5
DA:80,1
DA:85,1
DA:90,1
LF:26
LH:25
BRDA:36,0,0,5
BRDA:36,0,1,2
BRDA:39,1,0,0
BRDA:39,1,1,1
BRDA:56,2,0,1
BRDA:56,2,1,0
BRDA:77,3,0,5
BRDA:77,3,1,2
BRDA:80,4,0,5
BRDA:80,4,1,2
BRDA:84,5,0,5
BRDA:84,5,1,2
BRDA:93,6,0,5
BRDA:93,6,1,1
BRF:14
BRH:12
end_of_record
